<?xml version="1.0" encoding="UTF-8"?>
<!-- Generated by org.testng.reporters.JUnitReportReporter -->
<testsuite hostname="SrivasuPrasad" failures="0" tests="1" name="com.crm.vtiger.organization.CreateNewOrganizationTest" time="25.248" errors="0" timestamp="2022-07-03T07:36:00 IST" skipped="0">
  <testcase classname="com.crm.vtiger.organization.CreateNewOrganizationTest" name="createNewOrg" time="25.248"/>
  <system-out/>
</testsuite> <!-- com.crm.vtiger.organization.CreateNewOrganizationTest -->
