<?xml version="1.0" encoding="UTF-8"?>
<!-- Generated by org.testng.reporters.JUnitReportReporter -->
<testsuite hostname="SrivasuPrasad" failures="0" tests="1" name="com.crm.vtiger.contacts.CreateNewContactWithOrganizationNameTest" time="30.001" errors="0" timestamp="2022-07-03T07:36:00 IST" skipped="0">
  <testcase classname="com.crm.vtiger.contacts.CreateNewContactWithOrganizationNameTest" name="createContactwithOrg" time="30.001"/>
  <system-out/>
</testsuite> <!-- com.crm.vtiger.contacts.CreateNewContactWithOrganizationNameTest -->
