<?xml version="1.0" encoding="UTF-8"?>
<!-- Generated by org.testng.reporters.JUnitReportReporter -->
<testsuite hostname="SrivasuPrasad" failures="0" tests="1" name="com.crm.vtiger.product.CreateProductAndCampaignTest" time="46.416" errors="0" timestamp="2022-07-03T07:36:00 IST" skipped="0">
  <testcase classname="com.crm.vtiger.product.CreateProductAndCampaignTest" name="createProductWithCampaignTest" time="46.416"/>
  <system-out/>
</testsuite> <!-- com.crm.vtiger.product.CreateProductAndCampaignTest -->
