<?xml version="1.0" encoding="UTF-8"?>
<!-- Generated by org.testng.reporters.JUnitReportReporter -->
<testsuite hostname="SrivasuPrasad" failures="0" tests="1" name="com.crm.vtiger.contacts.CreateNewContactsTest" time="42.366" errors="0" timestamp="2022-07-03T07:41:48 IST" skipped="0">
  <testcase classname="com.crm.vtiger.contacts.CreateNewContactsTest" name="createContactTest" time="42.366"/>
  <system-out/>
</testsuite> <!-- com.crm.vtiger.contacts.CreateNewContactsTest -->
